Flow report for lab7
Tue May 10 03:08:36 2022
Quartus Prime Version 18.1.0 Build 625 09/12/2018 SJ Lite Edition


---------------------
; Table of Contents ;
---------------------
  1. Legal Notice
  2. Flow Summary
  3. Flow Settings
  4. Flow Non-Default Global Settings
  5. Flow Elapsed Time
  6. Flow OS Summary
  7. Flow Log
  8. Flow Messages
  9. Flow Suppressed Messages



----------------
; Legal Notice ;
----------------
Copyright (C) 2018  Intel Corporation. All rights reserved.
Your use of Intel Corporation's design tools, logic functions 
and other software and tools, and its AMPP partner logic 
functions, and any output files from any of the foregoing 
(including device programming or simulation files), and any 
associated documentation or information are expressly subject 
to the terms and conditions of the Intel Program License 
Subscription Agreement, the Intel Quartus Prime License Agreement,
the Intel FPGA IP License Agreement, or other applicable license
agreement, including, without limitation, that your use is for
the sole purpose of programming logic devices manufactured by
Intel and sold by Intel or its authorized distributors.  Please
refer to the applicable agreement for further details.



+----------------------------------------------------------------------------------+
; Flow Summary                                                                     ;
+------------------------------------+---------------------------------------------+
; Flow Status                        ; Successful - Tue May 10 03:08:36 2022       ;
; Quartus Prime Version              ; 18.1.0 Build 625 09/12/2018 SJ Lite Edition ;
; Revision Name                      ; lab7                                        ;
; Top-level Entity Name              ; lab7                                        ;
; Family                             ; MAX 10                                      ;
; Device                             ; 10M50DAF484C7G                              ;
; Timing Models                      ; Final                                       ;
; Total logic elements               ; 6,163 / 49,760 ( 12 % )                     ;
;     Total combinational functions  ; 5,422 / 49,760 ( 11 % )                     ;
;     Dedicated logic registers      ; 2,847 / 49,760 ( 6 % )                      ;
; Total registers                    ; 2916                                        ;
; Total pins                         ; 141 / 360 ( 39 % )                          ;
; Total virtual pins                 ; 0                                           ;
; Total memory bits                  ; 404,608 / 1,677,312 ( 24 % )                ;
; Embedded Multiplier 9-bit elements ; 0 / 288 ( 0 % )                             ;
; Total PLLs                         ; 1 / 4 ( 25 % )                              ;
; UFM blocks                         ; 0 / 1 ( 0 % )                               ;
; ADC blocks                         ; 0 / 2 ( 0 % )                               ;
+------------------------------------+---------------------------------------------+


+-----------------------------------------+
; Flow Settings                           ;
+-------------------+---------------------+
; Option            ; Setting             ;
+-------------------+---------------------+
; Start date & time ; 05/10/2022 03:04:43 ;
; Main task         ; Compilation         ;
; Revision Name     ; lab7                ;
+-------------------+---------------------+


+-------------------------------------------------------------------------------------------------------------------------------------------------------------+
; Flow Non-Default Global Settings                                                                                                                            ;
+--------------------------------------+------------------------------------------------------------+---------------+-------------------+---------------------+
; Assignment Name                      ; Value                                                      ; Default Value ; Entity Name       ; Section Id          ;
+--------------------------------------+------------------------------------------------------------+---------------+-------------------+---------------------+
; COMPILER_SIGNATURE_ID                ; 91755917045.165216988328296                                ; --            ; --                ; --                  ;
; EDA_DESIGN_INSTANCE_NAME             ; NA                                                         ; --            ; --                ; highlight_testbench ;
; EDA_NATIVELINK_SIMULATION_TEST_BENCH ; highlight_testbench                                        ; --            ; --                ; eda_simulation      ;
; EDA_OUTPUT_DATA_FORMAT               ; Systemverilog Hdl                                          ; --            ; --                ; eda_simulation      ;
; EDA_SIMULATION_TOOL                  ; ModelSim-Altera (SystemVerilog)                            ; <None>        ; --                ; --                  ;
; EDA_TEST_BENCH_ENABLE_STATUS         ; TEST_BENCH_MODE                                            ; --            ; --                ; eda_simulation      ;
; EDA_TEST_BENCH_FILE                  ; testbench.sv                                               ; --            ; --                ; highlight_testbench ;
; EDA_TEST_BENCH_MODULE_NAME           ; highlight_testbench                                        ; --            ; --                ; highlight_testbench ;
; EDA_TEST_BENCH_NAME                  ; highlight_testbench                                        ; --            ; --                ; eda_simulation      ;
; EDA_TEST_BENCH_RUN_SIM_FOR           ; 10000 ns                                                   ; --            ; --                ; highlight_testbench ;
; EDA_TIME_SCALE                       ; 1 ps                                                       ; --            ; --                ; eda_simulation      ;
; FLOW_ENABLE_POWER_ANALYZER           ; On                                                         ; Off           ; --                ; --                  ;
; MAX_CORE_JUNCTION_TEMP               ; 85                                                         ; --            ; --                ; --                  ;
; MIN_CORE_JUNCTION_TEMP               ; 0                                                          ; --            ; --                ; --                  ;
; MISC_FILE                            ; lab7_soc/synthesis/../lab7_soc.cmp                         ; --            ; --                ; --                  ;
; MISC_FILE                            ; lab7_soc/synthesis/../../lab7_soc.qsys                     ; --            ; --                ; --                  ;
; MISC_FILE                            ; johncena_bb.v                                              ; --            ; --                ; --                  ;
; MISC_FILE                            ; test_bb.v                                                  ; --            ; --                ; --                  ;
; MISC_FILE                            ; puzzle_ocm_bb.v                                            ; --            ; --                ; --                  ;
; OUTPUT_IO_TIMING_FAR_END_VMEAS       ; Half Signal Swing                                          ; --            ; --                ; --                  ;
; OUTPUT_IO_TIMING_FAR_END_VMEAS       ; Half Signal Swing                                          ; --            ; --                ; --                  ;
; OUTPUT_IO_TIMING_NEAR_END_VMEAS      ; Half Vccio                                                 ; --            ; --                ; --                  ;
; OUTPUT_IO_TIMING_NEAR_END_VMEAS      ; Half Vccio                                                 ; --            ; --                ; --                  ;
; PARTITION_COLOR                      ; -- (Not supported for targeted family)                     ; --            ; DE10_LITE_Default ; Top                 ;
; PARTITION_COLOR                      ; -- (Not supported for targeted family)                     ; --            ; lab62             ; Top                 ;
; PARTITION_COLOR                      ; -- (Not supported for targeted family)                     ; --            ; --                ; Top                 ;
; PARTITION_FITTER_PRESERVATION_LEVEL  ; -- (Not supported for targeted family)                     ; --            ; DE10_LITE_Default ; Top                 ;
; PARTITION_FITTER_PRESERVATION_LEVEL  ; -- (Not supported for targeted family)                     ; --            ; lab62             ; Top                 ;
; PARTITION_FITTER_PRESERVATION_LEVEL  ; -- (Not supported for targeted family)                     ; --            ; --                ; Top                 ;
; PARTITION_NETLIST_TYPE               ; -- (Not supported for targeted family)                     ; --            ; DE10_LITE_Default ; Top                 ;
; PARTITION_NETLIST_TYPE               ; -- (Not supported for targeted family)                     ; --            ; lab62             ; Top                 ;
; PARTITION_NETLIST_TYPE               ; -- (Not supported for targeted family)                     ; --            ; --                ; Top                 ;
; POWER_BOARD_THERMAL_MODEL            ; None (CONSERVATIVE)                                        ; --            ; --                ; --                  ;
; POWER_DEFAULT_INPUT_IO_TOGGLE_RATE   ; 12.5 %                                                     ; 12.5%         ; --                ; --                  ;
; POWER_PRESET_COOLING_SOLUTION        ; 23 MM HEAT SINK WITH 200 LFPM AIRFLOW                      ; --            ; --                ; --                  ;
; PROJECT_OUTPUT_DIRECTORY             ; output_files                                               ; --            ; --                ; --                  ;
; SLD_FILE                             ; lab7_soc/synthesis/lab7_soc.regmap                         ; --            ; --                ; --                  ;
; SLD_FILE                             ; lab7_soc/synthesis/lab7_soc.debuginfo                      ; --            ; --                ; --                  ;
; SLD_INFO                             ; QSYS_NAME lab7_soc HAS_SOPCINFO 1 GENERATION_ID 1651887291 ; --            ; lab7_soc          ; --                  ;
; SOPCINFO_FILE                        ; lab7_soc/synthesis/../../lab7_soc.sopcinfo                 ; --            ; --                ; --                  ;
; SYNTHESIS_ONLY_QIP                   ; On                                                         ; --            ; --                ; --                  ;
+--------------------------------------+------------------------------------------------------------+---------------+-------------------+---------------------+


+--------------------------------------------------------------------------------------------------------------------------+
; Flow Elapsed Time                                                                                                        ;
+----------------------+--------------+-------------------------+---------------------+------------------------------------+
; Module Name          ; Elapsed Time ; Average Processors Used ; Peak Virtual Memory ; Total CPU Time (on all processors) ;
+----------------------+--------------+-------------------------+---------------------+------------------------------------+
; Analysis & Synthesis ; 00:01:50     ; 1.0                     ; 5041 MB             ; 00:02:06                           ;
; Fitter               ; 00:01:06     ; 1.4                     ; 5727 MB             ; 00:01:46                           ;
; Assembler            ; 00:00:07     ; 1.0                     ; 4702 MB             ; 00:00:07                           ;
; Power Analyzer       ; 00:00:13     ; 1.8                     ; 4913 MB             ; 00:00:21                           ;
; Timing Analyzer      ; 00:00:14     ; 2.0                     ; 4897 MB             ; 00:00:23                           ;
; EDA Netlist Writer   ; 00:00:05     ; 1.0                     ; 4752 MB             ; 00:00:06                           ;
; Total                ; 00:03:35     ; --                      ; --                  ; 00:04:49                           ;
+----------------------+--------------+-------------------------+---------------------+------------------------------------+


+------------------------------------------------------------------------------------+
; Flow OS Summary                                                                    ;
+----------------------+------------------+------------+------------+----------------+
; Module Name          ; Machine Hostname ; OS Name    ; OS Version ; Processor type ;
+----------------------+------------------+------------+------------+----------------+
; Analysis & Synthesis ; macBook-01       ; Windows 10 ; 10.0       ; x86_64         ;
; Fitter               ; macBook-01       ; Windows 10 ; 10.0       ; x86_64         ;
; Assembler            ; macBook-01       ; Windows 10 ; 10.0       ; x86_64         ;
; Power Analyzer       ; macBook-01       ; Windows 10 ; 10.0       ; x86_64         ;
; Timing Analyzer      ; macBook-01       ; Windows 10 ; 10.0       ; x86_64         ;
; EDA Netlist Writer   ; macBook-01       ; Windows 10 ; 10.0       ; x86_64         ;
+----------------------+------------------+------------+------------+----------------+


------------
; Flow Log ;
------------
quartus_map --read_settings_files=on --write_settings_files=off fpgacrossword -c lab7
quartus_fit --read_settings_files=off --write_settings_files=off fpgacrossword -c lab7
quartus_asm --read_settings_files=off --write_settings_files=off fpgacrossword -c lab7
quartus_pow --read_settings_files=off --write_settings_files=off fpgacrossword -c lab7
quartus_sta fpgacrossword -c lab7
quartus_eda --read_settings_files=off --write_settings_files=off fpgacrossword -c lab7



