18:31:11 **** Incremental Build of configuration Nios II for project crossword ****
make all 
Info: Building ../crossword_bsp/
C:/intelFPGA_lite/18.1/nios2eds/bin/gnu/H-x86_64-mingw32/bin/make --no-print-directory -C ../crossword_bsp/
[BSP build complete]
Info: Compiling text_mode_vga_color.c to obj/default/text_mode_vga_color.o
nios2-elf-gcc -xc -MP -MMD -c -I../crossword_bsp//HAL/inc -I../crossword_bsp/ -I../crossword_bsp//drivers/inc  -pipe -D__hal__ -DALT_NO_INSTRUCTION_EMULATION -DALT_SINGLE_THREADED    -O0 -g -Wall   -mno-hw-div -mno-hw-mul -mno-hw-mulx -mgpopt=global  -o obj/default/text_mode_vga_color.o text_mode_vga_color.c
In file included from text_mode_vga_color.c:10:0:
../crossword_bsp/system.h:190:41: warning: initialization makes pointer from integer without a cast [-Wint-conversion]
 #define VGA_TEXT_MODE_CONTROLLER_0_BASE 0x4000
                                         ^
text_mode_vga_color.h:40:52: note: in expansion of macro 'VGA_TEXT_MODE_CONTROLLER_0_BASE'
 static volatile struct TEXT_VGA_STRUCT* vga_ctrl = VGA_TEXT_MODE_CONTROLLER_0_BASE;
                                                    ^
text_mode_vga_color.c: In function 'textVGADrawColorText':
text_mode_vga_color.c:44:24: warning: implicit declaration of function 'ceil' [-Wimplicit-function-declaration]
   vga_ctrl->VRAM[((int)ceil(y)*COLUMNS + (int)ceil(x) + i) * 2] = foreground << 4 | background;
                        ^
text_mode_vga_color.c:44:24: warning: incompatible implicit declaration of built-in function 'ceil'
text_mode_vga_color.c:44:24: note: include '<math.h>' or provide a declaration of 'ceil'
text_mode_vga_color.c: In function 'runGame':
text_mode_vga_color.c:131:6: warning: unused variable 'move_tile' [-Wunused-variable]
  int move_tile = 0;
      ^
text_mode_vga_color.c:130:6: warning: unused variable 'lastFrameCharDrawn' [-Wunused-variable]
  int lastFrameCharDrawn = 0;
      ^
text_mode_vga_color.c:112:20: warning: unused variable 'y' [-Wunused-variable]
     int fg, bg, x, y;
                    ^
text_mode_vga_color.c:112:17: warning: unused variable 'x' [-Wunused-variable]
     int fg, bg, x, y;
                 ^
text_mode_vga_color.c:111:7: warning: unused variable 'color_string' [-Wunused-variable]
  char color_string[80];
       ^
text_mode_vga_color.c:109:6: warning: unused variable 'seconds' [-Wunused-variable]
  int seconds = 0;
      ^
text_mode_vga_color.c:107:17: warning: unused variable 'end' [-Wunused-variable]
  clock_t start, end;
                 ^
text_mode_vga_color.c:107:10: warning: unused variable 'start' [-Wunused-variable]
  clock_t start, end;
          ^
text_mode_vga_color.c:106:7: warning: unused variable 'keycode' [-Wunused-variable]
  WORD keycode;
       ^
text_mode_vga_color.c:105:7: warning: unused variable 'device' [-Wunused-variable]
  BYTE device;
       ^
text_mode_vga_color.c:104:7: warning: unused variable 'errorflag' [-Wunused-variable]
  BYTE errorflag = 0; //flag once we get an error device so we don't keep dumping out state info
       ^
text_mode_vga_color.c:103:7: warning: unused variable 'runningdebugflag' [-Wunused-variable]
  BYTE runningdebugflag = 0;//flag to dump out a bunch of information when we first get to USB_STATE_RUNNING
       ^
text_mode_vga_color.c:100:20: warning: unused variable 'buf' [-Wunused-variable]
  BOOT_MOUSE_REPORT buf;  //USB mouse report
                    ^
text_mode_vga_color.c:99:7: warning: variable 'rcode' set but not used [-Wunused-but-set-variable]
  BYTE rcode;
       ^
text_mode_vga_color.c: In function 'keyToText':
text_mode_vga_color.c:217:4: warning: implicit declaration of function 'usleep' [-Wimplicit-function-declaration]
    usleep (100000);
    ^
text_mode_vga_color.c:199:8: warning: unused variable 'guess' [-Wunused-variable]
   char guess[5];
        ^
Info: Linking crossword.elf
nios2-elf-g++  -T'../crossword_bsp//linker.x' -msys-crt0='../crossword_bsp//obj/HAL/src/crt0.o' -msys-lib=hal_bsp -L../crossword_bsp/   -Wl,-Map=crossword.map   -O0 -g -Wall   -mno-hw-div -mno-hw-mul -mno-hw-mulx -mgpopt=global  -o crossword.elf obj/default/main.o obj/default/text_mode_vga_color.o obj/default/usb_kb/HID.o obj/default/usb_kb/MAX3421E.o obj/default/usb_kb/transfer.o -lm -msys-lib=m
nios2-elf-insert crossword.elf --thread_model hal --cpu_name nios2_gen2_0 --qsys true --simulation_enabled false --id 0 --sidp 0x220 --timestamp 1651175166 --stderr_dev jtag_uart_0 --stdin_dev jtag_uart_0 --stdout_dev jtag_uart_0 --sopc_system_name lab7_soc --quartus_project_dir "C:/ECE385_Lab7" --jdi ../..//output_files/lab7.jdi --sopcinfo C:/ECE385_Lab7/software/crossword_bsp/../../../fpgacrossword/lab7_soc.sopcinfo
Info: (crossword.elf) 84 KBytes program size (code + initialized data).
Info:                 65443 KBytes free for stack + heap.
Info: Creating crossword.objdump
nios2-elf-objdump --disassemble --syms --all-header --source crossword.elf >crossword.objdump
[crossword build complete]

18:31:18 Build Finished (took 6s.756ms)

